
Showing logs for build [32mcb-kubecd-sandiego-1-master-t7zmr-4[0m stage [32mfrom-build-pack[0m and container [32mstep-credential-initializer-ptqf2[0m
{"level":"warn","ts":1574221311.5295076,"logger":"fallback-logger","caller":"logging/config.go:69","msg":"Fetch GitHub commit ID from kodata failed: \"ref: refs/heads/master\" is not a valid GitHub commit ID"}
{"level":"info","ts":1574221311.5316813,"logger":"fallback-logger","caller":"creds-init/main.go:40","msg":"Credentials initialized."}

Showing logs for build [32mcb-kubecd-sandiego-1-master-t7zmr-4[0m stage [32mfrom-build-pack[0m and container [32mstep-working-dir-initializer-x42r7[0m
{"level":"warn","ts":1574221312.5587277,"logger":"fallback-logger","caller":"logging/config.go:69","msg":"Fetch GitHub commit ID from kodata failed: open /var/run/ko/HEAD: no such file or directory"}
{"level":"info","ts":1574221312.563618,"logger":"fallback-logger","caller":"bash/main.go:65","msg":"Successfully executed command \"mkdir -p /workspace/source\""}

Showing logs for build [32mcb-kubecd-sandiego-1-master-t7zmr-4[0m stage [32mfrom-build-pack[0m and container [32mstep-place-tools[0m

Showing logs for build [32mcb-kubecd-sandiego-1-master-t7zmr-4[0m stage [32mfrom-build-pack[0m and container [32mstep-git-source-cb-kubecd-sandiego-1-master-fbfm5[0m
{"level":"warn","ts":1574221319.5295084,"logger":"fallback-logger","caller":"logging/config.go:69","msg":"Fetch GitHub commit ID from kodata failed: \"ref: refs/heads/master\" is not a valid GitHub commit ID"}
{"level":"info","ts":1574221319.964679,"logger":"fallback-logger","caller":"git/git.go:102","msg":"Successfully cloned https://github.com/cb-kubecd/sandiego-1.git @ v0.0.2 in path /workspace/source"}

Showing logs for build [32mcb-kubecd-sandiego-1-master-t7zmr-4[0m stage [32mfrom-build-pack[0m and container [32mstep-git-merge[0m
Using SHAs from PULL_REFS=master:b2515c1b905b857b445828873887a26381fe4487
WARNING: no SHAs to merge, falling back to initial cloned commit

Showing logs for build [32mcb-kubecd-sandiego-1-master-t7zmr-4[0m stage [32mfrom-build-pack[0m and container [32mstep-setup-jx-git-credentials[0m
Generated Git credentials file /workspace/xdg_config/git/credentials

Showing logs for build [32mcb-kubecd-sandiego-1-master-t7zmr-4[0m stage [32mfrom-build-pack[0m and container [32mstep-build-npmrc[0m
WARNING: failed to find Secret npm-token in namespace **

Showing logs for build [32mcb-kubecd-sandiego-1-master-t7zmr-4[0m stage [32mfrom-build-pack[0m and container [32mstep-build-npm-install[0m
npm notice created a lockfile as package-lock.json. You should commit this file.
npm WARN REPLACE_ME@1.0.0 No repository field.
npm WARN REPLACE_ME@1.0.0 No license field.

up to date in 0.274s
found 0 vulnerabilities


Showing logs for build [32mcb-kubecd-sandiego-1-master-t7zmr-4[0m stage [32mfrom-build-pack[0m and container [32mstep-build-npm-test[0m

> REPLACE_ME@1.0.0 test /workspace/source
> echo "no test specified" && exit 0

no test specified

Showing logs for build [32mcb-kubecd-sandiego-1-master-t7zmr-4[0m stage [32mfrom-build-pack[0m and container [32mstep-build-container-build[0m
[36mINFO[0m[0000] Downloading base image node:9-slim           
ERROR: logging before flag.Parse: E1120 03:42:04.336160       9 metadata.go:142] while reading 'google-dockercfg' metadata: http status code: 404 while fetching url http://metadata.google.internal./computeMetadata/v1/instance/attributes/google-dockercfg
ERROR: logging before flag.Parse: E1120 03:42:04.339251       9 metadata.go:159] while reading 'google-dockercfg-url' metadata: http status code: 404 while fetching url http://metadata.google.internal./computeMetadata/v1/instance/attributes/google-dockercfg-url
2019/11/20 03:42:04 No matching credentials were found, falling back on anonymous
[36mINFO[0m[0001] Error while retrieving image from cache: getting file info: stat /workspace/sha256:0e0175bbe4f8d9d104590d8d2c591017874e30977cb71aaff1cf6fa99479575c: no such file or directory 
[36mINFO[0m[0001] Downloading base image node:9-slim           
2019/11/20 03:42:05 No matching credentials were found, falling back on anonymous
[36mINFO[0m[0001] Executing 0 build triggers                   
[36mINFO[0m[0001] cmd: EXPOSE                                  
[36mINFO[0m[0001] Adding exposed port: 8080/tcp                
[36mINFO[0m[0001] Using files from context: [/workspace/source] 
[36mINFO[0m[0001] Skipping unpacking as no commands require it. 
[36mINFO[0m[0001] Taking snapshot of full filesystem...        
[36mINFO[0m[0001] ENV PORT 8080                                
[36mINFO[0m[0001] No files changed in this command, skipping snapshotting. 
[36mINFO[0m[0001] EXPOSE 8080                                  
[36mINFO[0m[0001] cmd: EXPOSE                                  
[36mINFO[0m[0001] Adding exposed port: 8080/tcp                
[36mINFO[0m[0001] No files changed in this command, skipping snapshotting. 
[36mINFO[0m[0001] WORKDIR /usr/src/app                         
[36mINFO[0m[0001] cmd: workdir                                 
[36mINFO[0m[0001] Changed working directory to /usr/src/app    
[36mINFO[0m[0001] Creating directory /usr/src/app              
[36mINFO[0m[0001] Taking snapshot of files...                  
[36mINFO[0m[0001] Using files from context: [/workspace/source] 
[36mINFO[0m[0001] COPY . .                                     
[36mINFO[0m[0001] Taking snapshot of files...                  
[36mINFO[0m[0001] CMD ["npm", "start"]                         
[36mINFO[0m[0001] No files changed in this command, skipping snapshotting. 
2019/11/20 03:42:06 existing blob: sha256:e01bd28a434b56ffd2a3fe9aa99b9b69aecca69904843edd30b1ee7150d79904
2019/11/20 03:42:06 existing blob: sha256:5bba3ecb4cd6374a19da45f2a3db0a9c0804984358b3bb4b666c28944016e5ff
2019/11/20 03:42:06 existing blob: sha256:196b8e3c919d5639193ba6c6e54774528942041bbc37606631a2250502985c3c
2019/11/20 03:42:06 existing blob: sha256:7d083412657baa2dafba8d093034ef26f9ed2c90fb6ed95f76bb55aff03ed429
2019/11/20 03:42:06 existing blob: sha256:a88538b9cd05cfa611e43a25582a95ad7879f6fa708b0386a26b71ee62235bb3
2019/11/20 03:42:08 pushed blob: sha256:25d14717438600af74190172a315e8a0ce48c196598107fceb1c10f7a5d85969
2019/11/20 03:42:08 pushed blob: sha256:ca4d69b1f3951c95df7053252e69794ae709b6a1d491f15dbbfdce6d7d5a8a36
2019/11/20 03:42:08 pushed blob: sha256:cba1fad6182dd1a1c8293bac0ceaf27a520acf42d8df45a68816478f184fad8d
2019/11/20 03:42:09 gcr.io/jenkins-x-demo-238815/sandiego-1:0.0.2: digest: sha256:40add6fa0af96f15e3e5e5e9dc993139f5a72d8b46737bbdae329ae25f880b63 size: 1404

Showing logs for build [32mcb-kubecd-sandiego-1-master-t7zmr-4[0m stage [32mfrom-build-pack[0m and container [32mstep-build-post-build[0m
no CVE provider running in the current ** namespace so skip adding image to be analysed

Showing logs for build [32mcb-kubecd-sandiego-1-master-t7zmr-4[0m stage [32mfrom-build-pack[0m and container [32mstep-promote-changelog[0m
Converted /workspace/source/charts/sandiego-1 to an unshallow repository
Generating change log from git ref a8729ea3236a4b5b4c47e96e53f3d402f23f6c3e => ea89edcd5abb25eb14dd7dc0b53607f82d9184c6
WARNING: No release found for cb-kubecd/sandiego-1 and tag v0.0.2 so creating a new release
Updated the release information at https://github.com/cb-kubecd/sandiego-1/releases/tag/v0.0.2
generated: /workspace/source/charts/sandiego-1/templates/release.yaml
Created Release sandiego-1-0-0-2 resource in namespace **
Updating PipelineActivity cb-kubecd-sandiego-1-master-4 with version 0.0.2
Updated PipelineActivities cb-kubecd-sandiego-1-master-4 with release notes URL: https://github.com/cb-kubecd/sandiego-1/releases/tag/v0.0.2

Showing logs for build [32mcb-kubecd-sandiego-1-master-t7zmr-4[0m stage [32mfrom-build-pack[0m and container [32mstep-promote-helm-release[0m
WARNING: No $CHART_REPOSITORY defined so using the default value of: http://jenkins-x-chartmuseum:8080
Adding missing Helm repo: storage.googleapis.com https://storage.googleapis.com/chartmuseum.jenkins-x.io
Read credentials for https://storage.googleapis.com/chartmuseum.jenkins-x.io from vault helm/repos
Successfully added Helm repository storage.googleapis.com.
Adding missing Helm repo: jenkins-x-chartmuseum http://jenkins-x-chartmuseum:8080
Read credentials for http://jenkins-x-chartmuseum:8080 from vault helm/repos
Successfully added Helm repository jenkins-x-chartmuseum.
WARNING: No $CHART_REPOSITORY defined so using the default value of: http://jenkins-x-chartmuseum:8080
Uploading chart file sandiego-1-0.0.2.tgz to http://jenkins-x-chartmuseum:8080/api/charts
Received 201 response: {"saved":true}

Showing logs for build [32mcb-kubecd-sandiego-1-master-t7zmr-4[0m stage [32mfrom-build-pack[0m and container [32mstep-promote-jx-promote[0m
WARNING: prow based install so skip waiting for the merge of Pull Requests to go green as currently there is an issue with gettingstatuses from the PR, see https://github.com/jenkins-x/**/issues/2410
WARNING: No $CHART_REPOSITORY defined so using the default value of: http://jenkins-x-chartmuseum:8080
Promoting app sandiego-1 version 0.0.2 to namespace **-staging
Created Pull Request: https://github.com/cb-kubecd/environment-belldark-staging/pull/3
Added label updatebot to Pull Request https://github.com/cb-kubecd/environment-belldark-staging/pull/3
got git provider status pending from PR https://github.com/cb-kubecd/environment-belldark-staging/pull/3
got git provider status pending from PR https://github.com/cb-kubecd/environment-belldark-staging/pull/3
got git provider status pending from PR https://github.com/cb-kubecd/environment-belldark-staging/pull/3
got git provider status pending from PR https://github.com/cb-kubecd/environment-belldark-staging/pull/3
Pull Request https://github.com/cb-kubecd/environment-belldark-staging/pull/3 is merged at sha e5e4a50defa7b85f8a5ba0506cbe3daa8459c34a
Pull Request merged but we are not waiting for the update pipeline to complete!
